TN:
SF:src/class-names.ts
FN:60,classNames
FNF:1
FNH:1
FNDA:35,classNames
DA:61,35
DA:63,35
DA:64,72
DA:66,56
DA:67,27
DA:68,29
DA:69,5
DA:70,24
DA:72,21
DA:73,11
DA:74,10
DA:75,10
DA:76,18
DA:77,11
DA:83,35
DA:86,1
LF:16
LH:16
BRDA:64,0,0,16
BRDA:66,1,0,27
BRDA:66,1,1,29
BRDA:68,2,0,5
BRDA:68,2,1,24
BRDA:70,3,0,3
BRDA:70,3,1,21
BRDA:72,4,0,11
BRDA:72,4,1,10
BRDA:74,5,0,10
BRDA:76,6,0,11
BRF:11
BRH:11
end_of_record
TN:
SF:src/index.ts
FN:12,(anonymous_0)
FN:12,(anonymous_1)
FN:12,(anonymous_2)
FN:12,(anonymous_3)
FN:16,(anonymous_4)
FN:17,(anonymous_5)
FN:18,(anonymous_6)
FN:19,(anonymous_7)
FN:20,(anonymous_8)
FN:21,(anonymous_9)
FN:22,(anonymous_10)
FN:23,(anonymous_11)
FN:24,(anonymous_12)
FN:25,(anonymous_13)
FN:26,(anonymous_14)
FN:27,(anonymous_15)
FN:28,(anonymous_16)
FN:29,(anonymous_17)
FN:30,(anonymous_18)
FN:31,(anonymous_19)
FN:32,(anonymous_20)
FN:33,(anonymous_21)
FN:34,(anonymous_22)
FN:35,(anonymous_23)
FN:36,(anonymous_24)
FN:37,(anonymous_25)
FN:38,(anonymous_26)
FN:39,(anonymous_27)
FN:40,(anonymous_28)
FN:41,(anonymous_29)
FN:42,(anonymous_30)
FN:43,(anonymous_31)
FN:44,(anonymous_32)
FN:45,(anonymous_33)
FN:46,(anonymous_34)
FN:47,(anonymous_35)
FN:48,(anonymous_36)
FN:49,(anonymous_37)
FN:50,(anonymous_38)
FN:51,(anonymous_39)
FN:52,(anonymous_40)
FN:53,(anonymous_41)
FN:54,(anonymous_42)
FN:55,(anonymous_43)
FN:56,(anonymous_44)
FN:57,(anonymous_45)
FN:58,(anonymous_46)
FN:59,(anonymous_47)
FN:63,(anonymous_48)
FNF:49
FNH:49
FNDA:5,(anonymous_0)
FNDA:4,(anonymous_1)
FNDA:1,(anonymous_2)
FNDA:1,(anonymous_3)
FNDA:4,(anonymous_4)
FNDA:2,(anonymous_5)
FNDA:2,(anonymous_6)
FNDA:2,(anonymous_7)
FNDA:2,(anonymous_8)
FNDA:2,(anonymous_9)
FNDA:2,(anonymous_10)
FNDA:2,(anonymous_11)
FNDA:2,(anonymous_12)
FNDA:2,(anonymous_13)
FNDA:3,(anonymous_14)
FNDA:2,(anonymous_15)
FNDA:2,(anonymous_16)
FNDA:2,(anonymous_17)
FNDA:2,(anonymous_18)
FNDA:2,(anonymous_19)
FNDA:2,(anonymous_20)
FNDA:2,(anonymous_21)
FNDA:2,(anonymous_22)
FNDA:2,(anonymous_23)
FNDA:2,(anonymous_24)
FNDA:2,(anonymous_25)
FNDA:2,(anonymous_26)
FNDA:2,(anonymous_27)
FNDA:2,(anonymous_28)
FNDA:2,(anonymous_29)
FNDA:2,(anonymous_30)
FNDA:2,(anonymous_31)
FNDA:2,(anonymous_32)
FNDA:2,(anonymous_33)
FNDA:2,(anonymous_34)
FNDA:2,(anonymous_35)
FNDA:2,(anonymous_36)
FNDA:2,(anonymous_37)
FNDA:2,(anonymous_38)
FNDA:2,(anonymous_39)
FNDA:2,(anonymous_40)
FNDA:2,(anonymous_41)
FNDA:2,(anonymous_42)
FNDA:2,(anonymous_43)
FNDA:2,(anonymous_44)
FNDA:2,(anonymous_45)
FNDA:2,(anonymous_46)
FNDA:2,(anonymous_47)
FNDA:3,(anonymous_48)
DA:12,6
DA:15,1
DA:16,5
DA:17,3
DA:18,3
DA:19,3
DA:20,3
DA:21,3
DA:22,3
DA:23,3
DA:24,3
DA:25,3
DA:26,4
DA:27,3
DA:28,3
DA:29,3
DA:30,3
DA:31,3
DA:32,3
DA:33,3
DA:34,3
DA:35,3
DA:36,3
DA:37,3
DA:38,3
DA:39,3
DA:40,3
DA:41,3
DA:42,3
DA:43,3
DA:44,3
DA:45,3
DA:46,3
DA:47,3
DA:48,3
DA:49,3
DA:50,3
DA:51,3
DA:52,3
DA:53,3
DA:54,3
DA:55,3
DA:56,3
DA:57,3
DA:58,3
DA:59,3
DA:63,4
LF:47
LH:47
BRF:0
BRH:0
end_of_record
TN:
SF:src/reactive-dom.ts
FN:15,classNames
FN:63,checkUpdateLimit
FN:86,hasValueChanged
FN:115,deepEqual
FN:220,createElementFactory
FN:221,(anonymous_5)
FN:248,(anonymous_6)
FN:266,(anonymous_7)
FN:332,(anonymous_8)
FN:443,(anonymous_9)
FN:450,(anonymous_10)
FN:567,createElement
FN:579,cleanupElement
FN:583,(anonymous_13)
FN:592,(anonymous_14)
FN:615,render
FN:621,(anonymous_16)
FN:646,cleanup
FN:673,createReactiveList
FN:684,(anonymous_19)
FN:702,(anonymous_20)
FNF:21
FNH:19
FNDA:10001,classNames
FNDA:10001,checkUpdateLimit
FNDA:9998,hasValueChanged
FNDA:11,deepEqual
FNDA:84,createElementFactory
FNDA:80,(anonymous_5)
FNDA:21,(anonymous_6)
FNDA:9991,(anonymous_7)
FNDA:3,(anonymous_8)
FNDA:33,(anonymous_9)
FNDA:2,(anonymous_10)
FNDA:2,createElement
FNDA:2,cleanupElement
FNDA:0,(anonymous_13)
FNDA:0,(anonymous_14)
FNDA:2,render
FNDA:1,(anonymous_16)
FNDA:1,cleanup
FNDA:4,createReactiveList
FNDA:5,(anonymous_19)
FNDA:8,(anonymous_20)
DA:12,2
DA:26,10001
DA:28,10001
DA:29,10005
DA:31,10005
DA:32,10001
DA:33,4
DA:34,0
DA:35,4
DA:37,4
DA:38,0
DA:39,4
DA:40,4
DA:41,5
DA:42,4
DA:48,10001
DA:52,2
DA:55,2
DA:56,2
DA:57,2
DA:64,10001
DA:67,10001
DA:68,10001
DA:69,0
DA:70,0
DA:73,10001
DA:74,1
DA:77,1
DA:79,10000
DA:91,9998
DA:92,10
DA:95,9998
DA:96,9998
DA:99,9998
DA:102,11
DA:104,11
DA:105,11
DA:106,11
DA:109,0
DA:116,11
DA:118,11
DA:120,1
DA:122,1
DA:124,0
DA:126,0
DA:127,0
DA:128,0
DA:129,0
DA:131,0
DA:134,0
DA:135,0
DA:137,0
DA:139,0
DA:140,0
DA:141,0
DA:144,0
DA:186,2
DA:197,2
DA:221,84
DA:226,80
DA:233,1
DA:234,1
DA:238,80
DA:239,80
DA:245,80
DA:248,80
DA:249,21
DA:251,0
DA:252,0
DA:254,0
DA:256,21
DA:258,2
DA:259,2
DA:262,19
DA:264,8
DA:265,4
DA:266,4
DA:268,9991
DA:269,9991
DA:271,9990
DA:273,9990
DA:275,9990
DA:278,9989
DA:287,9989
DA:288,2
DA:291,1
DA:293,9990
DA:298,4
DA:300,4
DA:303,4
DA:310,4
DA:312,0
DA:315,4
DA:316,4
DA:317,4
DA:324,4
DA:326,0
DA:330,11
DA:331,3
DA:332,3
DA:334,3
DA:335,3
DA:337,3
DA:339,3
DA:340,3
DA:342,1
DA:345,1
DA:346,1
DA:350,2
DA:353,2
DA:360,1
DA:361,1
DA:362,1
DA:363,0
DA:365,1
DA:369,1
DA:370,1
DA:371,1
DA:376,0
DA:378,3
DA:383,3
DA:384,3
DA:385,3
DA:386,1
DA:387,2
DA:393,1
DA:394,1
DA:396,0
DA:399,1
DA:402,0
DA:410,3
DA:412,3
DA:417,8
DA:419,1
DA:421,7
DA:428,2
DA:429,1
DA:431,1
DA:434,5
DA:443,80
DA:444,33
DA:446,6
DA:447,6
DA:449,6
DA:450,6
DA:452,2
DA:453,2
DA:455,2
DA:457,2
DA:459,2
DA:460,2
DA:463,1
DA:464,1
DA:468,1
DA:469,1
DA:471,2
DA:476,6
DA:477,6
DA:480,6
DA:482,0
DA:483,0
DA:486,6
DA:489,6
DA:493,27
DA:494,21
DA:495,6
DA:496,5
DA:501,80
DA:502,11
DA:505,80
DA:510,2
DA:511,2
DA:512,2
DA:513,2
DA:514,2
DA:515,2
DA:516,2
DA:517,2
DA:518,2
DA:519,2
DA:520,2
DA:521,2
DA:522,2
DA:523,2
DA:524,2
DA:525,2
DA:526,2
DA:527,2
DA:528,2
DA:529,2
DA:530,2
DA:531,2
DA:532,2
DA:533,2
DA:534,2
DA:535,2
DA:536,2
DA:537,2
DA:538,2
DA:539,2
DA:540,2
DA:541,2
DA:542,2
DA:543,2
DA:544,2
DA:545,2
DA:546,2
DA:547,2
DA:548,2
DA:549,2
DA:550,2
DA:567,2
DA:568,2
DA:581,2
DA:582,2
DA:583,0
DA:584,0
DA:586,0
DA:590,2
DA:591,2
DA:592,0
DA:593,0
DA:595,0
DA:615,2
DA:620,2
DA:621,2
DA:622,1
DA:623,1
DA:627,2
DA:628,2
DA:646,2
DA:647,1
DA:651,2
DA:673,2
DA:677,4
DA:682,4
DA:684,4
DA:686,5
DA:688,5
DA:691,5
DA:696,5
DA:699,5
DA:702,5
DA:703,8
DA:704,8
DA:708,4
DA:709,4
DA:710,4
DA:713,4
DA:715,4
LF:250
LH:215
BRDA:29,0,0,0
BRDA:31,1,0,10001
BRDA:31,1,1,4
BRDA:33,2,0,0
BRDA:33,2,1,4
BRDA:35,3,0,0
BRDA:35,3,1,4
BRDA:37,4,0,0
BRDA:37,4,1,4
BRDA:39,5,0,4
BRDA:41,6,0,4
BRDA:68,7,0,0
BRDA:73,8,0,1
BRDA:91,9,0,10
BRDA:99,10,0,9987
BRDA:104,11,0,11
BRDA:116,12,0,0
BRDA:118,13,0,10
BRDA:118,14,0,11
BRDA:118,14,1,1
BRDA:120,15,0,0
BRDA:122,16,0,1
BRDA:124,17,0,0
BRDA:126,18,0,0
BRDA:127,19,0,0
BRDA:129,20,0,0
BRDA:137,21,0,0
BRDA:140,22,0,0
BRDA:141,23,0,0
BRDA:226,24,0,1
BRDA:227,25,0,80
BRDA:227,25,1,79
BRDA:227,25,2,79
BRDA:227,25,3,79
BRDA:227,25,4,79
BRDA:238,26,0,80
BRDA:238,26,1,43
BRDA:249,27,0,0
BRDA:249,27,1,21
BRDA:251,28,0,0
BRDA:251,28,1,0
BRDA:256,29,0,2
BRDA:256,29,1,19
BRDA:256,30,0,21
BRDA:256,30,1,2
BRDA:262,31,0,8
BRDA:262,31,1,11
BRDA:264,32,0,4
BRDA:264,32,1,4
BRDA:264,33,0,8
BRDA:264,33,1,7
BRDA:268,34,0,0
BRDA:269,35,0,1
BRDA:278,36,0,9989
BRDA:278,36,1,0
BRDA:278,37,0,9989
BRDA:278,37,1,0
BRDA:278,37,2,0
BRDA:278,37,3,0
BRDA:278,37,4,0
BRDA:278,37,5,0
BRDA:287,38,0,2
BRDA:303,39,0,4
BRDA:303,39,1,0
BRDA:303,40,0,4
BRDA:303,40,1,0
BRDA:303,40,2,0
BRDA:303,40,3,0
BRDA:303,40,4,0
BRDA:303,40,5,0
BRDA:317,41,0,4
BRDA:317,41,1,0
BRDA:318,42,0,4
BRDA:318,42,1,0
BRDA:318,42,2,0
BRDA:318,42,3,0
BRDA:318,42,4,0
BRDA:318,42,5,0
BRDA:330,43,0,3
BRDA:330,43,1,8
BRDA:330,44,0,11
BRDA:330,44,1,8
BRDA:334,45,0,0
BRDA:335,46,0,0
BRDA:340,47,0,1
BRDA:340,47,1,2
BRDA:340,48,0,3
BRDA:340,48,1,1
BRDA:345,49,0,1
BRDA:353,50,0,1
BRDA:353,50,1,1
BRDA:354,51,0,2
BRDA:354,51,1,1
BRDA:354,51,2,1
BRDA:354,51,3,1
BRDA:361,52,0,1
BRDA:362,53,0,0
BRDA:362,53,1,1
BRDA:370,54,0,1
BRDA:385,55,0,1
BRDA:385,55,1,2
BRDA:385,56,0,3
BRDA:385,56,1,1
BRDA:387,57,0,1
BRDA:387,57,1,1
BRDA:388,58,0,2
BRDA:388,58,1,1
BRDA:388,58,2,1
BRDA:388,58,3,1
BRDA:393,59,0,1
BRDA:393,59,1,0
BRDA:417,60,0,1
BRDA:417,60,1,7
BRDA:417,61,0,8
BRDA:417,61,1,1
BRDA:421,62,0,2
BRDA:421,62,1,5
BRDA:422,63,0,7
BRDA:422,63,1,6
BRDA:422,63,2,5
BRDA:422,63,3,5
BRDA:428,64,0,1
BRDA:428,64,1,1
BRDA:444,65,0,6
BRDA:444,65,1,27
BRDA:444,66,0,33
BRDA:444,66,1,30
BRDA:452,67,0,0
BRDA:453,68,0,0
BRDA:459,69,0,2
BRDA:463,70,0,1
BRDA:493,71,0,21
BRDA:493,71,1,6
BRDA:493,72,0,27
BRDA:493,72,1,7
BRDA:495,73,0,5
BRDA:501,74,0,11
BRDA:582,75,0,0
BRDA:591,76,0,0
BRDA:622,77,0,1
BRDA:686,78,0,0
BRDA:696,79,0,0
BRF:142
BRH:96
end_of_record
TN:
SF:src/reactivity.ts
FN:17,(anonymous_0)
FN:25,(anonymous_1)
FN:37,(anonymous_2)
FN:47,(anonymous_3)
FN:49,(anonymous_4)
FN:57,(anonymous_5)
FN:66,(anonymous_6)
FN:98,(anonymous_7)
FN:106,(anonymous_8)
FN:122,(anonymous_9)
FN:148,(anonymous_10)
FN:166,(anonymous_11)
FN:176,(anonymous_12)
FN:180,(anonymous_13)
FN:189,(anonymous_14)
FN:196,(anonymous_15)
FN:204,(anonymous_16)
FN:213,(anonymous_17)
FN:229,signal
FN:236,computed
FNF:20
FNH:20
FNDA:58,(anonymous_0)
FNDA:10077,(anonymous_1)
FNDA:52,(anonymous_2)
FNDA:10058,(anonymous_3)
FNDA:10011,(anonymous_4)
FNDA:50,(anonymous_5)
FNDA:10034,(anonymous_6)
FNDA:30,(anonymous_7)
FNDA:10043,(anonymous_8)
FNDA:10035,(anonymous_9)
FNDA:10013,(anonymous_10)
FNDA:10024,(anonymous_11)
FNDA:10051,(anonymous_12)
FNDA:10024,(anonymous_13)
FNDA:17,(anonymous_14)
FNDA:4,(anonymous_15)
FNDA:10011,(anonymous_16)
FNDA:10000,(anonymous_17)
FNDA:58,signal
FNDA:30,computed
DA:12,3
DA:14,58
DA:15,58
DA:18,58
DA:27,10077
DA:28,10041
DA:30,10077
DA:38,52
DA:39,50
DA:40,50
DA:48,10058
DA:49,10058
DA:50,10011
DA:59,50
DA:60,1
DA:61,1
DA:64,49
DA:65,49
DA:66,49
DA:67,10034
DA:68,10034
DA:70,1
DA:74,49
DA:82,3
DA:85,30
DA:86,30
DA:87,30
DA:88,30
DA:89,30
DA:90,30
DA:91,30
DA:92,30
DA:93,30
DA:96,3
DA:99,30
DA:108,10043
DA:109,10
DA:112,10043
DA:113,10035
DA:116,10040
DA:123,10035
DA:124,0
DA:125,0
DA:129,10035
DA:130,10035
DA:133,10035
DA:134,0
DA:135,0
DA:138,10035
DA:139,0
DA:140,0
DA:143,10035
DA:144,10035
DA:145,10035
DA:148,10035
DA:149,10035
DA:150,10035
DA:152,10035
DA:153,10035
DA:155,10035
DA:156,10035
DA:159,10032
DA:160,10032
DA:167,10024
DA:168,10011
DA:169,10011
DA:177,10051
DA:179,10044
DA:180,10044
DA:181,10024
DA:183,10044
DA:191,17
DA:192,9
DA:195,17
DA:196,17
DA:197,4
DA:206,10011
DA:207,0
DA:208,0
DA:211,10011
DA:212,10011
DA:213,10011
DA:214,10000
DA:215,10000
DA:217,1
DA:221,10011
DA:229,3
DA:230,58
DA:236,3
DA:237,30
LF:90
LH:82
BRDA:27,0,0,10041
BRDA:38,1,0,50
BRDA:59,2,0,1
BRDA:108,3,0,10
BRDA:108,4,0,10043
BRDA:108,4,1,11
BRDA:112,5,0,10035
BRDA:112,6,0,10043
BRDA:112,6,1,10036
BRDA:123,7,0,0
BRDA:133,8,0,0
BRDA:138,9,0,0
BRDA:167,10,0,10011
BRDA:167,11,0,10024
BRDA:167,11,1,10011
BRDA:177,12,0,7
BRDA:191,13,0,9
BRDA:206,14,0,0
BRF:18
BRH:14
end_of_record
